<?xml version="1.0" encoding="UTF-8"?>
<!-- Generated by org.testng.reporters.JUnitReportReporter -->
<testsuite skipped="0" hostname="DE0119WA047774" name="Rashedul_Maven.TestMaven" tests="1" failures="0" timestamp="2021-04-06T08:05:01 CDT" time="0.007" errors="0">
  <testcase name="testMaven" time="0.007" classname="Rashedul_Maven.TestMaven"/>
  <system-out/>
</testsuite> <!-- Rashedul_Maven.TestMaven -->
