<?xml version="1.0" encoding="UTF-8"?>
<!-- Generated by org.testng.reporters.JUnitReportReporter -->
<testsuite skipped="0" hostname="DE0119WA047774" name="Rashedul_Maven.TestPollSCM" tests="1" failures="0" timestamp="2021-04-06T08:07:06 CDT" time="0.010" errors="0">
  <testcase name="PollingWithSCM" time="0.010" classname="Rashedul_Maven.TestPollSCM"/>
  <system-out/>
</testsuite> <!-- Rashedul_Maven.TestPollSCM -->
